\BOOKMARK [0][-]{chapter*.2}{\376\377\000R\000e\000s\000u\000m\000e\000n\000\040\000e\000j\000e\000c\000u\000t\000i\000v\000o}{}% 1
\BOOKMARK [0][-]{chapter.1}{\376\377\000A\000r\000q\000u\000i\000t\000e\000c\000t\000u\000r\000a\000\040\000d\000e\000l\000\040\000c\000l\000\372\000s\000t\000e\000r}{}% 2
\BOOKMARK [1][-]{section.1.1}{\376\377\000T\000o\000p\000o\000l\000o\000g\000\355\000a\000\040\000f\000\355\000s\000i\000c\000a}{chapter.1}% 3
\BOOKMARK [1][-]{section.1.2}{\376\377\000R\000o\000l\000e\000s\000\040\000y\000\040\000d\000i\000s\000p\000o\000n\000i\000b\000i\000l\000i\000d\000a\000d}{chapter.1}% 4
\BOOKMARK [0][-]{chapter.2}{\376\377\000A\000r\000q\000u\000i\000t\000e\000c\000t\000u\000r\000a\000\040\000d\000e\000t\000a\000l\000l\000a\000d\000a\000\040\000d\000e\000l\000\040\000p\000i\000p\000e\000l\000i\000n\000e}{}% 5
\BOOKMARK [1][-]{section.2.1}{\376\377\000D\000i\000a\000g\000r\000a\000m\000a\000\040\000d\000e\000\040\000c\000o\000m\000p\000o\000n\000e\000n\000t\000e\000s}{chapter.2}% 6
\BOOKMARK [1][-]{section.2.2}{\376\377\000F\000l\000u\000j\000o\000\040\000d\000e\000\040\000u\000n\000a\000\040\000s\000e\000s\000i\000\363\000n}{chapter.2}% 7
\BOOKMARK [1][-]{section.2.3}{\376\377\000T\000o\000p\000i\000c\000s\000\040\000y\000\040\000c\000o\000n\000t\000r\000a\000t\000o\000s}{chapter.2}% 8
\BOOKMARK [0][-]{chapter.3}{\376\377\000I\000n\000s\000t\000a\000l\000a\000c\000i\000\363\000n\000,\000\040\000c\000o\000n\000f\000i\000g\000u\000r\000a\000c\000i\000\363\000n\000\040\000y\000\040\000a\000r\000r\000a\000n\000q\000u\000e}{}% 9
\BOOKMARK [1][-]{section.3.1}{\376\377\000P\000r\000e\000r\000r\000e\000q\000u\000i\000s\000i\000t\000o\000s}{chapter.3}% 10
\BOOKMARK [1][-]{section.3.2}{\376\377\000C\000o\000n\000f\000i\000g\000u\000r\000a\000c\000i\000\363\000n}{chapter.3}% 11
\BOOKMARK [1][-]{section.3.3}{\376\377\000A\000r\000r\000a\000n\000q\000u\000e\000\040\000d\000e\000s\000d\000e\000\040\000c\000e\000r\000o}{chapter.3}% 12
\BOOKMARK [1][-]{section.3.4}{\376\377\000V\000a\000l\000i\000d\000a\000c\000i\000\363\000n}{chapter.3}% 13
\BOOKMARK [1][-]{section.3.5}{\376\377\000S\000c\000r\000i\000p\000t\000s\000\040\000d\000e\000s\000p\000u\000\351\000s\000\040\000d\000e\000\040\000r\000e\000i\000n\000i\000c\000i\000a\000r\000\040\000u\000n\000a\000\040\000s\000e\000s\000i\000\363\000n}{chapter.3}% 14
\BOOKMARK [1][-]{section.3.6}{\376\377\000P\000a\000r\000a\000d\000a\000\040\000s\000e\000g\000u\000r\000a}{chapter.3}% 15
\BOOKMARK [0][-]{chapter.4}{\376\377\000D\000a\000t\000a\000s\000e\000t\000s\000\040\000y\000\040\000f\000u\000e\000n\000t\000e\000s}{}% 16
\BOOKMARK [1][-]{section.4.1}{\376\377\000Y\000o\000u\000T\000u\000b\000e\000\040\000L\000i\000v\000e\000\040\000C\000h\000a\000t\000\040\000e\000l\000e\000c\000t\000o\000r\000a\000l\000\040\000p\000e\000r\000u\000a\000n\000o}{chapter.4}% 17
\BOOKMARK [1][-]{section.4.2}{\376\377\000O\000f\000f\000e\000n\000d\000E\000S}{chapter.4}% 18
\BOOKMARK [1][-]{section.4.3}{\376\377\000C\000o\000n\000s\000i\000d\000e\000r\000a\000c\000i\000o\000n\000e\000s\000\040\000\351\000t\000i\000c\000a\000s}{chapter.4}% 19
\BOOKMARK [0][-]{chapter.5}{\376\377\000T\000\351\000c\000n\000i\000c\000a\000s\000\040\000N\000L\000P}{}% 20
\BOOKMARK [1][-]{section.5.1}{\376\377\000N\000o\000r\000m\000a\000l\000i\000z\000a\000c\000i\000\363\000n\000\040\000s\000t\000r\000e\000a\000m\000i\000n\000g}{chapter.5}% 21
\BOOKMARK [1][-]{section.5.2}{\376\377\000R\000e\000g\000l\000a\000s\000\040\000l\000i\000n\000g\000\374\000\355\000s\000t\000i\000c\000a\000s\000\040\000l\000o\000c\000a\000l\000e\000s}{chapter.5}% 22
\BOOKMARK [1][-]{section.5.3}{\376\377\000S\000p\000a\000r\000k\000\040\000M\000L\000\040\000c\000o\000n\000\040\000O\000f\000f\000e\000n\000d\000E\000S}{chapter.5}% 23
\BOOKMARK [1][-]{section.5.4}{\376\377\000S\000c\000o\000r\000i\000n\000g\000\040\000h\000\355\000b\000r\000i\000d\000o}{chapter.5}% 24
\BOOKMARK [0][-]{chapter.6}{\376\377\000D\000o\000c\000u\000m\000e\000n\000t\000a\000c\000i\000\363\000n\000\040\000d\000e\000\040\000l\000o\000s\000\040\0001\0000\000\040\000j\000o\000b\000s}{}% 25
\BOOKMARK [1][-]{section.6.1}{\376\377\000I\000d\000e\000m\000p\000o\000t\000e\000n\000c\000i\000a\000\040\000y\000\040\000c\000o\000n\000t\000r\000o\000l}{chapter.6}% 26
\BOOKMARK [1][-]{section.6.2}{\376\377\000C\000i\000n\000c\000o\000\040\000j\000o\000b\000s\000\040\000F\000l\000i\000n\000k}{chapter.6}% 27
\BOOKMARK [1][-]{section.6.3}{\376\377\000C\000i\000n\000c\000o\000\040\000j\000o\000b\000s\000\040\000S\000p\000a\000r\000k}{chapter.6}% 28
\BOOKMARK [0][-]{chapter.7}{\376\377\000R\000e\000p\000o\000r\000t\000e\000\040\000d\000e\000\040\000m\000\351\000t\000r\000i\000c\000a\000s}{}% 29
\BOOKMARK [1][-]{section.7.1}{\376\377\000V\000a\000l\000i\000d\000a\000c\000i\000\363\000n\000\040\000d\000i\000s\000t\000r\000i\000b\000u\000i\000d\000a\000\040\000d\000e\000\040\0002\000,\0000\0000\0000\000\040\000e\000v\000e\000n\000t\000o\000s}{chapter.7}% 30
\BOOKMARK [1][-]{section.7.2}{\376\377\000M\000\351\000t\000r\000i\000c\000a\000s\000\040\000M\000L}{chapter.7}% 31
\BOOKMARK [1][-]{section.7.3}{\376\377\000M\000\351\000t\000r\000i\000c\000a\000s\000\040\000d\000e\000l\000\040\000c\000o\000r\000p\000u\000s\000\040\000c\000o\000m\000p\000l\000e\000t\000o}{chapter.7}% 32
\BOOKMARK [1][-]{section.7.4}{\376\377\000C\000a\000d\000e\000n\000c\000i\000a\000\040\000d\000e\000l\000\040\000d\000a\000s\000h\000b\000o\000a\000r\000d}{chapter.7}% 33
\BOOKMARK [0][-]{chapter.8}{\376\377\000I\000n\000t\000e\000r\000f\000a\000z\000\040\000g\000r\000\341\000f\000i\000c\000a\000\040\000f\000u\000n\000c\000i\000o\000n\000a\000l}{}% 34
\BOOKMARK [0][-]{chapter.9}{\376\377\000C\000a\000p\000t\000u\000r\000a\000s\000\040\000d\000e\000l\000\040\000d\000a\000s\000h\000b\000o\000a\000r\000d\000\040\000e\000n\000\040\000o\000p\000e\000r\000a\000c\000i\000\363\000n}{}% 35
\BOOKMARK [1][-]{section.9.1}{\376\377\000V\000i\000s\000t\000a\000\040\000g\000e\000n\000e\000r\000a\000l\000\040\000y\000\040\000c\000h\000a\000t\000\040\000e\000n\000\040\000v\000i\000v\000o}{chapter.9}% 36
\BOOKMARK [1][-]{section.9.2}{\376\377\000E\000v\000e\000n\000t\000o\000s\000\040\000F\000l\000i\000n\000k\000\040\000y\000\040\000c\000o\000m\000e\000n\000t\000a\000r\000i\000o\000s\000\040\000f\000i\000l\000t\000r\000a\000d\000o\000s\000\040\000p\000o\000r\000\040\000r\000e\000g\000l\000a\000s}{chapter.9}% 37
\BOOKMARK [1][-]{section.9.3}{\376\377\000P\000r\000o\000c\000e\000s\000a\000m\000i\000e\000n\000t\000o\000\040\000S\000p\000a\000r\000k\000\040\000b\000a\000t\000c\000h\000\040\000y\000\040\000f\000i\000l\000t\000r\000a\000d\000o\000\040\000M\000L}{chapter.9}% 38
\BOOKMARK [0][-]{chapter.10}{\376\377\000C\000o\000n\000c\000l\000u\000s\000i\000o\000n\000e\000s}{}% 39
\BOOKMARK [0][-]{appendix.Alph1}{\376\377\000T\000r\000a\000z\000a\000b\000i\000l\000i\000d\000a\000d\000\040\000d\000o\000c\000u\000m\000e\000n\000t\000a\000l}{}% 40
\BOOKMARK [0][-]{appendix.Alph2}{\376\377\000R\000u\000t\000a\000s\000\040\000p\000r\000i\000n\000c\000i\000p\000a\000l\000e\000s}{}% 41
